<?xml version="1.0" encoding="UTF-8"?>
<testsuite xmlns:xsi="http://www.w3.org/2001/XMLSchema-instance" xsi:noNamespaceSchemaLocation="https://maven.apache.org/surefire/maven-surefire-plugin/xsd/surefire-test-report.xsd" name="co.edu.umanizales.tads.TadsApplicationTests" time="0.098" tests="1" errors="1" skipped="0" failures="0">
  <properties>
[...]
</properties>
  <testcase name="co.edu.umanizales.tads.TadsApplicationTests" classname="co.edu.umanizales.tads.TadsApplicationTests" time="0.097">
    <error message="Unable to find a @SpringBootConfiguration, you need to use @ContextConfiguration or @SpringBootTest(classes=...) with your test" type="java.lang.IllegalStateException">java.lang.IllegalStateException: Unable to find a @SpringBootConfiguration, you need to use @ContextConfiguration or @SpringBootTest(classes=...) with your test
</error>
    <system-out><![CDATA[15:54:34.069 [main] DEBUG org.springframework.boot.test.context.SpringBootTestContextBootstrapper - Neither @ContextConfiguration nor @ContextHierarchy found for test class [TadsApplicationTests]: using SpringBootContextLoader
15:54:34.070 [main] DEBUG org.springframework.test.context.support.AbstractContextLoader - Could not detect default resource locations for test class [co.edu.umanizales.tads.TadsApplicationTests]: no resource found for suffixes {-context.xml, Context.groovy}.
15:54:34.070 [main] INFO org.springframework.test.context.support.AnnotationConfigContextLoaderUtils - Could not detect default configuration classes for test class [co.edu.umanizales.tads.TadsApplicationTests]: TadsApplicationTests does not declare any static, non-private, non-final, nested classes annotated with @Configuration.
15:54:34.080 [main] DEBUG org.springframework.boot.test.context.SpringBootTestContextBootstrapper - Using ContextCustomizers for test class [TadsApplicationTests]: [ExcludeFilterContextCustomizer, DuplicateJsonObjectContextCustomizer, MockitoContextCustomizer, TestRestTemplateContextCustomizer, DisableObservabilityContextCustomizer, PropertyMappingContextCustomizer, Customizer]
15:54:34.093 [main] DEBUG org.springframework.core.io.support.PathMatchingResourcePatternResolver - Failed to complete search in directory [/Users/marianapincai/PROGRAMACI%C3%93N/tads/target/test-classes/co/edu/umanizales/tads] for files matching pattern [*.class]: java.nio.file.NoSuchFileException: /Users/marianapincai/PROGRAMACI%C3%93N/tads/target/test-classes/co/edu/umanizales/tads
15:54:34.093 [main] DEBUG org.springframework.core.io.support.PathMatchingResourcePatternResolver - Failed to complete search in directory [/Users/marianapincai/PROGRAMACI%C3%93N/tads/target/classes/co/edu/umanizales/tads] for files matching pattern [*.class]: java.nio.file.NoSuchFileException: /Users/marianapincai/PROGRAMACI%C3%93N/tads/target/classes/co/edu/umanizales/tads
15:54:34.094 [main] DEBUG org.springframework.core.io.support.PathMatchingResourcePatternResolver - Failed to complete search in directory [/Users/marianapincai/PROGRAMACI%C3%93N/tads/target/test-classes/co/edu/umanizales] for files matching pattern [*.class]: java.nio.file.NoSuchFileException: /Users/marianapincai/PROGRAMACI%C3%93N/tads/target/test-classes/co/edu/umanizales
15:54:34.094 [main] DEBUG org.springframework.core.io.support.PathMatchingResourcePatternResolver - Failed to complete search in directory [/Users/marianapincai/PROGRAMACI%C3%93N/tads/target/classes/co/edu/umanizales] for files matching pattern [*.class]: java.nio.file.NoSuchFileException: /Users/marianapincai/PROGRAMACI%C3%93N/tads/target/classes/co/edu/umanizales
15:54:34.095 [main] DEBUG org.springframework.core.io.support.PathMatchingResourcePatternResolver - Failed to complete search in directory [/Users/marianapincai/PROGRAMACI%C3%93N/tads/target/test-classes/co/edu] for files matching pattern [*.class]: java.nio.file.NoSuchFileException: /Users/marianapincai/PROGRAMACI%C3%93N/tads/target/test-classes/co/edu
15:54:34.095 [main] DEBUG org.springframework.core.io.support.PathMatchingResourcePatternResolver - Failed to complete search in directory [/Users/marianapincai/PROGRAMACI%C3%93N/tads/target/classes/co/edu] for files matching pattern [*.class]: java.nio.file.NoSuchFileException: /Users/marianapincai/PROGRAMACI%C3%93N/tads/target/classes/co/edu
15:54:34.095 [main] DEBUG org.springframework.core.io.support.PathMatchingResourcePatternResolver - Failed to complete search in directory [/Users/marianapincai/PROGRAMACI%C3%93N/tads/target/test-classes/co] for files matching pattern [*.class]: java.nio.file.NoSuchFileException: /Users/marianapincai/PROGRAMACI%C3%93N/tads/target/test-classes/co
15:54:34.095 [main] DEBUG org.springframework.core.io.support.PathMatchingResourcePatternResolver - Failed to complete search in directory [/Users/marianapincai/PROGRAMACI%C3%93N/tads/target/classes/co] for files matching pattern [*.class]: java.nio.file.NoSuchFileException: /Users/marianapincai/PROGRAMACI%C3%93N/tads/target/classes/co
]]></system-out>
  </testcase>
</testsuite>